<?xml version="1.0" encoding="UTF-8"?>
<testng-results ignored="0" total="0" passed="0" failed="0" skipped="0">
  <reporter-output>
  </reporter-output>
  <suite started-at="2023-10-06T16:33:42 IST" name="com.testingacademy.Test" finished-at="2023-10-06T16:33:42 IST" duration-ms="37">
    <groups>
    </groups>
    <test started-at="2023-10-06T16:33:42 IST" name="Command line test" finished-at="2023-10-06T16:33:42 IST" duration-ms="37">
    </test> <!-- Command line test -->
  </suite> <!-- com.testingacademy.Test -->
</testng-results>
